====== WebDriver manager ======
Current google-chrome version is 99.0.4844
Get LATEST chromedriver version for 99.0.4844 google-chrome
Driver [/home/alexzuzow/.wdm/drivers/chromedriver/linux64/99.0.4844.51/chromedriver] found in cache
-113.42797505928685 -164.72429837139936
(25, 36)
Score:  10
step time: 0.5543842939987371
(25, 36)
Score:  10
step time: 0.514382008001121
(25, 36)
Score:  10
step time: 0.5013902430000599
/home/alexzuzow/Desktop/agar_multiagent/utils.py:182: UserWarning: Implicit dimension choice for softmax has been deprecated. Change the call to include dim=X as an argument.
  value =torch.nn.functional.softmax(classifier(digits[i]).squeeze(0))
(25, 36)
Score:  10
step time: 0.5084383600005822
(25, 36)
Score:  10
step time: 0.5702966649987502
(25, 36)
Score:  10
step time: 0.5215344379976159
(25, 36)
Score:  10
step time: 0.5554391279983975
(25, 36)
Score:  10
step time: 0.5458198970009107
(25, 36)
Score:  10
step time: 0.552987746999861
(25, 36)
Score:  10
step time: 0.5613831660011783
(25, 36)
Score:  10
step time: 0.5216725899990706
(25, 36)
Score:  11
step time: 0.5731773429979512
(25, 36)
Score:  11
step time: 0.5791104089985311
(25, 36)
Score:  11
step time: 0.5543590199995378
(25, 36)
Score:  12
step time: 0.5326646039975458
(25, 36)
Score:  12
step time: 0.558805835997191
(25, 36)
Score:  12
step time: 0.5071812460009824
(25, 36)
Score:  12
step time: 0.5097463479978614
(25, 36)
Score:  12
step time: 0.5175147679983638
(25, 36)
Score:  12
step time: 0.505479794999701
(25, 36)
Score:  12
step time: 0.48347945799832814
(25, 36)
Score:  12
step time: 0.48277247800069745
(25, 36)
Score:  12
step time: 0.5023409810019075
(25, 36)
Score:  12
step time: 0.4622507929998392
(25, 36)
Score:  12
step time: 0.47717664200172294
(25, 36)
Score:  12
step time: 0.5034548240000731
(25, 36)
Score:  15
step time: 0.4738522690022364
(25, 36)
Score:  16
step time: 0.4760853320003662
(25, 36)
Score:  16
step time: 0.49760657799924957
(25, 36)
Score:  16
step time: 0.5087425609999627
(25, 36)
Score:  16
step time: 0.5030217849998735
(25, 36)
Score:  16
step time: 0.5024900550015445
(25, 36)
Score:  16
step time: 0.49722094900062075
(25, 36)
Score:  16
step time: 0.49268998299885425
(25, 36)
Score:  17
step time: 0.5370341979978548
(25, 36)
Score:  17
step time: 0.5267099749980844
(25, 36)
Score:  17
step time: 0.5129300589978811
(25, 36)
Score:  17
step time: 0.5146926609995717
(25, 36)
Score:  17
step time: 0.5276131879982131
(25, 36)
Score:  18
step time: 0.5088480550002714
(25, 36)
Score:  18
step time: 0.505704841001716
(25, 36)
Score:  18
step time: 0.5301486819989805
(25, 36)
Score:  19
step time: 0.5262189669992949
(25, 36)
Score:  20
step time: 0.5567237750001368
(25, 36)
Score:  20
step time: 0.4965362719995028
(25, 36)
Score:  20
step time: 0.5443833809986245
(25, 36)
Score:  20
step time: 0.5416327079983603
(25, 36)
Score:  20
step time: 0.5156801960001758
(25, 36)
Score:  20
step time: 0.5182784500029811
(25, 36)
Score:  20
step time: 0.5268671209996683
(25, 36)
Score:  20
step time: 0.5382285050000064
(25, 36)
Score:  20
step time: 0.5276543229992967
(25, 36)
Score:  20
step time: 0.5156310989987105

(25, 36)
Score:  20
step time: 0.5045842059989809
(25, 36)
Score:  21
step time: 0.4799487259988382
(25, 36)
Score:  21
step time: 0.5142622079983994
(25, 36)
Score:  21
step time: 0.48207808900042437
(25, 36)
Score:  21
step time: 0.5045440069989127
(25, 36)
Score:  22
step time: 0.5641551000007894
(25, 36)
Score:  22
step time: 0.5555399199984095
(25, 36)
Score:  22
step time: 0.595373918000405
(25, 36)
Score:  22
step time: 0.5933349170009024
(25, 36)
Score:  22
step time: 0.5993824540018977

(25, 36)
Score:  22
step time: 0.6633077940023213
loss: 0.003607997205108404
(25, 36)
Score:  22
step time: 0.7355431329997373
loss: 0.005305336322635412
(25, 36)
Score:  22
step time: 0.7507634729990968
loss: 0.014942020177841187
Traceback (most recent call last):
  File "/home/alexzuzow/Desktop/agar_multiagent/train_DQN.py", line 136, in <module>
    next_state,score,failed,restart,done = agar1.step(action,timestep,episode)
  File "/home/alexzuzow/Desktop/agar_multiagent/agar.py", line 171, in step
    cv2.imwrite(img,'output'+str(self.n_fails)+'.png')
cv2.error: OpenCV(4.5.5) :-1: error: (-5:Bad argument) in function 'imwrite'
> Overload resolution failed:
>  - Can't convert object of type 'numpy.ndarray' to 'str' for 'filename'
>  - Can't convert object of type 'numpy.ndarray' to 'str' for 'filename'
(25, 36)
Score:  22
step time: 0.8730291040010343
loss: 0.011850045062601566
(25, 36)
Score:  0