====== WebDriver manager ======
Current google-chrome version is 99.0.4844
Get LATEST chromedriver version for 99.0.4844 google-chrome
Driver [/home/alexzuzow/.wdm/drivers/chromedriver/linux64/99.0.4844.51/chromedriver] found in cache
-91.49560927467569 -177.8441831588986
(25, 36)
Score:  0
step time: 0.5427939620021789
Traceback (most recent call last):
  File "/home/alexzuzow/Desktop/agar_multiagent/train_DQN.py", line 136, in <module>
    next_state,score,failed,restart,done = agar1.step(action,timestep,episode)
  File "/home/alexzuzow/Desktop/agar_multiagent/agar.py", line 127, in step
    self.action_selector.move_by_offset(x_offset,y_offset).perform()
  File "/home/alexzuzow/anaconda3/envs/myenv/lib/python3.9/site-packages/selenium/webdriver/common/action_chains.py", line 75, in perform
    self.w3c_actions.perform()
  File "/home/alexzuzow/anaconda3/envs/myenv/lib/python3.9/site-packages/selenium/webdriver/common/actions/action_builder.py", line 77, in perform
    self.driver.execute(Command.W3C_ACTIONS, enc)
  File "/home/alexzuzow/anaconda3/envs/myenv/lib/python3.9/site-packages/selenium/webdriver/remote/webdriver.py", line 424, in execute
    self.error_handler.check_response(response)
  File "/home/alexzuzow/anaconda3/envs/myenv/lib/python3.9/site-packages/selenium/webdriver/remote/errorhandler.py", line 247, in check_response
    raise exception_class(message, screen, stacktrace)
selenium.common.exceptions.WebDriverException: Message: chrome not reachable
  (Session info: chrome=99.0.4844.74)
Stacktrace:
#0 0x5611e0f3e7d3 <unknown>
#1 0x5611e0c9a51f <unknown>
#2 0x5611e0c88954 <unknown>
#3 0x5611e0c89a71 <unknown>
#4 0x5611e0c8b132 <unknown>
#5 0x5611e0c83486 <unknown>
#6 0x5611e0c9ba82 <unknown>
#7 0x5611e0d01118 <unknown>
#8 0x5611e0cee5a3 <unknown>
#9 0x5611e0cc3ddc <unknown>
#10 0x5611e0cc4de5 <unknown>
#11 0x5611e0f6f49d <unknown>
#12 0x5611e0f8860c <unknown>
#13 0x5611e0f71205 <unknown>
#14 0x5611e0f88ee5 <unknown>
#15 0x5611e0f65070 <unknown>
#16 0x5611e0fa4488 <unknown>
#17 0x5611e0fa460c <unknown>
#18 0x5611e0fbdc6d <unknown>
#19 0x7fb715a62609 <unknown>
(25, 36)
Score:  0
step time: 0.7249906120014202
(25, 36)
Score:  0
step time: 0.4475686730002053
(25, 36)
Score:  0
