====== WebDriver manager ======
Current google-chrome version is 99.0.4844
Get LATEST chromedriver version for 99.0.4844 google-chrome
Driver [/home/alexzuzow/.wdm/drivers/chromedriver/linux64/99.0.4844.51/chromedriver] found in cache
-181.05024905620294 84.97533357796772
(25, 36)
TEST1
TEST2
1
0
1
1
Score:  1011
step time: 0.4767682700003206
(25, 36)
TEST1
TEST2
1
1
1
1
/home/alexzuzow/Desktop/agar_multiagent/utils.py:183: UserWarning: Implicit dimension choice for softmax has been deprecated. Change the call to include dim=X as an argument.
  outputs.append(torch.nn.functional.softmax(classifier(digits[i]).squeeze(0)))
Score:  1111
step time: 0.4901949729974149
(25, 36)
TEST1
TEST2
1
4
1
1
Score:  1411
step time: 0.4950834789997316
(25, 36)
TEST1
TEST2
1
4
1
1
Score:  1411
step time: 0.5182465110010526
(25, 36)
TEST1
TEST2
1
4
1
1
Score:  1411
step time: 0.5402136419979797
(25, 36)
TEST1
TEST2
1
5
1
1
Score:  1511
step time: 0.5190749450011936
(25, 36)
TEST1
TEST2
1
5
1
1
Score:  1511
step time: 0.5311326720002398
(25, 36)
TEST1
TEST2
1
6
1
1
Score:  1611
step time: 0.513925057999586
(25, 36)
TEST1
TEST2
1
6
1
1
Score:  1611
step time: 0.5010797750001075
(25, 36)
TEST1
TEST2
1
9
1
1
Score:  1911
step time: 0.5584101589993224
ÓÄç
(25, 36)
TEST1
TEST2
1
9
1
1
Score:  1911
step time: 0.5608866759976081
(25, 36)
TEST1
TEST2
1
9
1
1
Score:  1911
step time: 0.5084458290002658
(25, 36)
TEST1
TEST2
2
2
1
1
Score:  2211
step time: 0.4955298570021114
(25, 36)
TEST1
TEST2
2
3
1
1
Score:  2311
step time: 0.5095019610016607
(25, 36)
TEST1
TEST2
2
3
1
1
Score:  2311
step time: 0.46097479600211955
(25, 36)
TEST1
TEST2
2
5
1
1
Score:  2511
step time: 0.45765169500009506
(25, 36)
TEST1
TEST2
2
6
1
1
Score:  2611
step time: 0.43625797699860414
(25, 36)
TEST1
TEST2
2
6
1
1
Score:  2611
step time: 0.4692702020001889
(25, 36)
TEST1
TEST2
2
6
1
1
Score:  2611
step time: 0.4468660189995717
(25, 36)
TEST1
TEST2
2
6
1
1
Score:  2611
step time: 0.4430342989981
(25, 36)
TEST1
TEST2
2
6
1
1
Score:  2611
step time: 0.45482148500013864
(25, 36)
TEST1
TEST2
2
6
1
1
Score:  2611
step time: 0.44263210599820013
(25, 36)
TEST1
TEST2
2
9
1
1
Score:  2911
step time: 0.4591749579994939
(25, 36)
TEST1
TEST2
3
0
1
1
Score:  3011
step time: 0.47783050899670343
(25, 36)
TEST1
TEST2
3
1
1
1
Score:  3111
step time: 0.4462000370003807
(25, 36)
TEST1
TEST2
3
2
1
1
Score:  3211
step time: 0.4718897389975609
(25, 36)
TEST1
TEST2
3
3
1
1
Score:  3311
step time: 0.48370898599750944
(25, 36)
TEST1
TEST2
3
3
1
1
Score:  3311
step time: 0.47502251799960504
(25, 36)
TEST1
TEST2
3
4
1
1
Score:  3411
step time: 0.5491324739996344
(25, 36)
TEST1
TEST2
3
4
1
1
Score:  3411
step time: 0.5595974989992101
(25, 36)
TEST1
TEST2
3
4
1
1
Score:  3411
step time: 0.5367934349997086
(25, 36)
TEST1
TEST2
3
4
1
1
Score:  3411
step time: 0.5165928599999461
(25, 36)
TEST1
TEST2
3
6
1
1
Score:  3611
step time: 0.5553088829983608
(25, 36)
TEST1
TEST2
3
7
1
1
Score:  3711
step time: 0.5101644490023318
(25, 36)
TEST1
TEST2
3
8
1
1
Score:  3811
step time: 0.4803180839990091
(25, 36)
TEST1
TEST2
3
9
1
1
Score:  3911
step time: 0.5010363690016675
(25, 36)
TEST1
TEST2
3
9
1
1
Score:  3911
step time: 0.493572725001286
(25, 36)
TEST1
TEST2
3
9
1
1
Traceback (most recent call last):
  File "/home/alexzuzow/Desktop/agar_multiagent/train_DQN.py", line 136, in <module>
    next_state,score,failed,restart,done = agar1.step(action,timestep,episode)
  File "/home/alexzuzow/Desktop/agar_multiagent/agar.py", line 151, in step
    obs_2 = self.get_screenshot("f2.png")
  File "/home/alexzuzow/Desktop/agar_multiagent/agar.py", line 105, in get_screenshot
    img = self.driver.get_screenshot_as_png()
  File "/home/alexzuzow/anaconda3/envs/myenv/lib/python3.9/site-packages/selenium/webdriver/remote/webdriver.py", line 1353, in get_screenshot_as_png
    return b64decode(self.get_screenshot_as_base64().encode('ascii'))
  File "/home/alexzuzow/anaconda3/envs/myenv/lib/python3.9/site-packages/selenium/webdriver/remote/webdriver.py", line 1365, in get_screenshot_as_base64
    return self.execute(Command.SCREENSHOT)['value']
  File "/home/alexzuzow/anaconda3/envs/myenv/lib/python3.9/site-packages/selenium/webdriver/remote/webdriver.py", line 424, in execute
    self.error_handler.check_response(response)
  File "/home/alexzuzow/anaconda3/envs/myenv/lib/python3.9/site-packages/selenium/webdriver/remote/errorhandler.py", line 247, in check_response
    raise exception_class(message, screen, stacktrace)
selenium.common.exceptions.WebDriverException: Message: chrome not reachable
  (Session info: chrome=99.0.4844.74)
Stacktrace:
#0 0x5580442ad7d3 <unknown>
#1 0x55804400951f <unknown>
#2 0x558043ff7954 <unknown>
#3 0x558043ff8369 <unknown>
#4 0x558043ffa132 <unknown>
#5 0x558043ff2486 <unknown>
#6 0x55804400aa82 <unknown>
#7 0x558044070118 <unknown>
#8 0x55804405d5a3 <unknown>
#9 0x558044032ddc <unknown>
#10 0x558044033de5 <unknown>
#11 0x5580442de49d <unknown>
#12 0x5580442f760c <unknown>
#13 0x5580442e0205 <unknown>
#14 0x5580442f7ee5 <unknown>
#15 0x5580442d4070 <unknown>
#16 0x558044313488 <unknown>
#17 0x55804431360c <unknown>
#18 0x55804432cc6d <unknown>
#19 0x7f7e25800609 <unknown>
Score:  3911
step time: 0.5502535470004659
(25, 36)
TEST1
TEST2
1
1
1
1
Score:  1111
step time: 0.46283105600014096
(25, 36)
TEST1
TEST2
1
1
1
1
Score:  1111
step time: 0.40598788499846705
(25, 36)
TEST1
TEST2
1
1
1
