====== WebDriver manager ======
Current google-chrome version is 99.0.4844
Get LATEST chromedriver version for 99.0.4844 google-chrome
Driver [/home/alexzuzow/.wdm/drivers/chromedriver/linux64/99.0.4844.51/chromedriver] found in cache
101.16988430093849 172.52435918018858
Traceback (most recent call last):
  File "/home/alexzuzow/Desktop/agar_multiagent/train_DQN.py", line 136, in <module>
    next_state,score,failed,restart,done = agar1.step(action,timestep,episode)
  File "/home/alexzuzow/Desktop/agar_multiagent/agar.py", line 139, in step
    masked_img,score,failed = img2score(obs,"alex",timestep,self.n_fails,self.classifier)
  File "/home/alexzuzow/Desktop/agar_multiagent/utils.py", line 220, in img2score
    return format_frame (img, username,prev_fail,classifier,get_score=True)
  File "/home/alexzuzow/Desktop/agar_multiagent/utils.py", line 181, in format_frame
    if is_noise(digits_[i]):
  File "/home/alexzuzow/Desktop/agar_multiagent/utils.py", line 76, in is_noise
    counts = (cv2.countNonZero(img))
cv2.error: OpenCV(4.5.5) /home/conda/feedstock_root/build_artifacts/libopencv_1649681503494/work/modules/core/src/count_non_zero.dispatch.cpp:128: error: (-215:Assertion failed) cn == 1 in function 'countNonZero'