====== WebDriver manager ======
Current google-chrome version is 99.0.4844
Get LATEST chromedriver version for 99.0.4844 google-chrome
Driver [/home/alexzuzow/.wdm/drivers/chromedriver/linux64/99.0.4844.51/chromedriver] found in cache
-151.40832041225377 -130.67333511447657
(25, 36)
TEST1
TEST2
1
0
1
1
Score:  1011
step time: 0.5035123760026181
(25, 36)
TEST1
TEST2
1
0
1
1
Score:  1011
step time: 0.45867417600311455
(25, 36)
TEST1
TEST2
1
0
1
1
/home/alexzuzow/Desktop/agar_multiagent/utils.py:183: UserWarning: Implicit dimension choice for softmax has been deprecated. Change the call to include dim=X as an argument.
  outputs.append(torch.nn.functional.softmax(classifier(digits[i]).squeeze(0)))
Score:  1011
step time: 0.4909498179986258
(25, 36)
TEST1
TEST2
1
0
1
1
Score:  1011
step time: 0.499576808000711
(25, 36)
TEST1
TEST2
1
0
1
1
Score:  1011
step time: 0.4545239670005685
(25, 36)
TEST1
TEST2
1
0
1
1
Score:  1011
step time: 0.49026991599748726
(25, 36)
TEST1
TEST2
1
0
1
1
Score:  1011
step time: 0.4989171660017746
(25, 36)
TEST1
TEST2
1
0
1
1
Score:  1011
step time: 0.49212553100005607
(25, 36)
TEST1
TEST2
1
0
1
1
Score:  1011
step time: 0.5133165679981175
(25, 36)
TEST1
TEST2
1
2
1
1
Score:  1211
step time: 0.5321113389982202
(25, 36)
TEST1
TEST2
1
2
1
1
Score:  1211
step time: 0.558303067999077
(25, 36)
TEST1
TEST2
1
2
1
1
Score:  1211
step time: 0.5463549410014821
(25, 36)
TEST1
TEST2
1
2
1
1
Score:  1211
step time: 0.5563500329990347
(25, 36)
TEST1
TEST2
1
2
1
1
Score:  1211
step time: 0.6038388089982618
(25, 36)
TEST1
TEST2
1
2
1
1
Score:  1211
step time: 0.5900008380012878
(25, 36)
TEST1
TEST2
1
2
1
1
Score:  1211
step time: 0.6370726419991115
(25, 36)
TEST1
TEST2
1
1
1
1
Score:  1111
step time: 0.6012439030018868
(25, 36)
TEST1
TEST2
1
1
1
1
Score:  1111
step time: 0.5474724449995847
(25, 36)
TEST1
TEST2
1
1
1
1
Score:  1111
step time: 0.7152304670016747
(25, 36)
TEST1
TEST2
1
1
1
1
Score:  1111
step time: 0.4927576730005967
(25, 36)
TEST1
TEST2
1
1
1
1
Score:  1111
step time: 0.5004421699995873
(25, 36)
TEST1
TEST2
1
1
1
1
Score:  1111
step time: 0.505252210998151
(25, 36)
TEST1
TEST2
1
1
1
1
Score:  1111
step time: 0.4346938749986293
(25, 36)
TEST1
TEST2
1
1
1
1
Score:  1111
step time: 0.4451261779977358
(25, 36)
TEST1
TEST2
1
1
1
1
Score:  1111
step time: 0.4359934469975997
Traceback (most recent call last):
  File "/home/alexzuzow/Desktop/agar_multiagent/train_DQN.py", line 136, in <module>
    next_state,score,failed,restart,done = agar1.step(action,timestep,episode)
  File "/home/alexzuzow/Desktop/agar_multiagent/agar.py", line 146, in step
    obs_1 = self.get_screenshot("f1.png")
  File "/home/alexzuzow/Desktop/agar_multiagent/agar.py", line 105, in get_screenshot
    img = self.driver.get_screenshot_as_png()
  File "/home/alexzuzow/anaconda3/envs/myenv/lib/python3.9/site-packages/selenium/webdriver/remote/webdriver.py", line 1353, in get_screenshot_as_png
    return b64decode(self.get_screenshot_as_base64().encode('ascii'))
  File "/home/alexzuzow/anaconda3/envs/myenv/lib/python3.9/site-packages/selenium/webdriver/remote/webdriver.py", line 1365, in get_screenshot_as_base64
    return self.execute(Command.SCREENSHOT)['value']
  File "/home/alexzuzow/anaconda3/envs/myenv/lib/python3.9/site-packages/selenium/webdriver/remote/webdriver.py", line 424, in execute
    self.error_handler.check_response(response)
  File "/home/alexzuzow/anaconda3/envs/myenv/lib/python3.9/site-packages/selenium/webdriver/remote/errorhandler.py", line 247, in check_response
    raise exception_class(message, screen, stacktrace)
selenium.common.exceptions.WebDriverException: Message: chrome not reachable
  (Session info: chrome=99.0.4844.74)
Stacktrace:
#0 0x55b0da0577d3 <unknown>
#1 0x55b0d9db351f <unknown>
#2 0x55b0d9da1954 <unknown>
#3 0x55b0d9da2369 <unknown>
#4 0x55b0d9da4132 <unknown>
#5 0x55b0d9d9c486 <unknown>
#6 0x55b0d9db4a82 <unknown>
#7 0x55b0d9e1a118 <unknown>
#8 0x55b0d9e075a3 <unknown>
#9 0x55b0d9ddcddc <unknown>
#10 0x55b0d9dddde5 <unknown>
#11 0x55b0da08849d <unknown>
#12 0x55b0da0a160c <unknown>
#13 0x55b0da08a205 <unknown>
#14 0x55b0da0a1ee5 <unknown>
#15 0x55b0da07e070 <unknown>
#16 0x55b0da0bd488 <unknown>
#17 0x55b0da0bd60c <unknown>
#18 0x55b0da0d6c6d <unknown>
#19 0x7f330ae57609 <unknown>
(25, 36)
TEST1
TEST2
1
1
1
1
Score:  1111
step time: 0.4125436760004959
(25, 36)
TEST1
TEST2
1
1
1
1
Score:  1111
step time: 0.46634873500079266
ÓÄç
(25, 36)
TEST1
TEST2
1
1
1
1