====== WebDriver manager ======
Current google-chrome version is 99.0.4844
Get LATEST chromedriver version for 99.0.4844 google-chrome
Driver [/home/alexzuzow/.wdm/drivers/chromedriver/linux64/99.0.4844.51/chromedriver] found in cache
-181.05024905620294 84.97533357796772
(25, 36)
Score:  0
step time: 0.5099207669991301
(25, 36)
Score:  0
step time: 0.478289754000798
(25, 36)
Score:  0
step time: 0.47555617800026084
(25, 36)
Score:  0
step time: 0.461506522999116
(25, 36)
Score:  0
step time: 0.4564667399990867
(25, 36)
Score:  0
step time: 0.4714345789998333
(25, 36)
Score:  0
step time: 0.4925387850016705
(25, 36)
Score:  0
step time: 0.5714630399997986
(25, 36)
Score:  0
step time: 0.5356356379998033
(25, 36)
Score:  0
step time: 0.5432973389997642
(25, 36)
Traceback (most recent call last):
  File "/home/alexzuzow/Desktop/agar_multiagent/train_DQN.py", line 136, in <module>
    next_state,score,failed,restart,done = agar1.step(action,timestep,episode)
  File "/home/alexzuzow/Desktop/agar_multiagent/agar.py", line 151, in step
    obs_2 = self.get_screenshot("f2.png")
  File "/home/alexzuzow/Desktop/agar_multiagent/agar.py", line 105, in get_screenshot
    img = self.driver.get_screenshot_as_png()
  File "/home/alexzuzow/anaconda3/envs/myenv/lib/python3.9/site-packages/selenium/webdriver/remote/webdriver.py", line 1353, in get_screenshot_as_png
    return b64decode(self.get_screenshot_as_base64().encode('ascii'))
  File "/home/alexzuzow/anaconda3/envs/myenv/lib/python3.9/site-packages/selenium/webdriver/remote/webdriver.py", line 1365, in get_screenshot_as_base64
    return self.execute(Command.SCREENSHOT)['value']
  File "/home/alexzuzow/anaconda3/envs/myenv/lib/python3.9/site-packages/selenium/webdriver/remote/webdriver.py", line 424, in execute
    self.error_handler.check_response(response)
  File "/home/alexzuzow/anaconda3/envs/myenv/lib/python3.9/site-packages/selenium/webdriver/remote/errorhandler.py", line 247, in check_response
    raise exception_class(message, screen, stacktrace)
selenium.common.exceptions.WebDriverException: Message: unknown error: cannot activate web view
  (Session info: chrome=99.0.4844.74)
Stacktrace:
#0 0x55e6d086d7d3 <unknown>
#1 0x55e6d05c9688 <unknown>
#2 0x55e6d05b95c3 <unknown>
#3 0x55e6d05acb69 <unknown>
#4 0x55e6d063cec9 <unknown>
#5 0x55e6d061d6b2 <unknown>
#6 0x55e6d0630a0c <unknown>
#7 0x55e6d061d5a3 <unknown>
#8 0x55e6d05f2ddc <unknown>
#9 0x55e6d05f3de5 <unknown>
#10 0x55e6d089e49d <unknown>
#11 0x55e6d08b760c <unknown>
#12 0x55e6d08a0205 <unknown>
#13 0x55e6d08b7ee5 <unknown>
#14 0x55e6d0894070 <unknown>
#15 0x55e6d08d3488 <unknown>
#16 0x55e6d08d360c <unknown>
#17 0x55e6d08ecc6d <unknown>
#18 0x7ff31e75b609 <unknown>
Score:  0
step time: 0.49561992499911867
(25, 36)
Score:  0
step time: 0.5040710990015214
(25, 36)
Score:  0
step time: 0.4875149349991261
(25, 36)