====== WebDriver manager ======
Current google-chrome version is 99.0.4844
Get LATEST chromedriver version for 99.0.4844 google-chrome
Driver [/home/alexzuzow/.wdm/drivers/chromedriver/linux64/99.0.4844.51/chromedriver] found in cache
-179.53965016758866 -88.12215395517677
Score:  0
step time: 0.45438711700080603
Score:  0
step time: 0.4649485170011758
Score:  0
step time: 0.43584895200001483
Score:  0
step time: 0.4747353700004169
Score:  0
step time: 0.5170075299993186
Score:  0
step time: 0.505256009999357
Score:  0
step time: 0.5325852059995668
Score:  0
step time: 0.5378605229998357
Score:  0
step time: 0.4861612079985207
Score:  0
step time: 0.5074012670011143
Score:  0
step time: 0.50060673400003
Score:  0
step time: 0.5527015629995731
Score:  0
step time: 0.5232046290002472
Score:  0
step time: 0.515831683000215
Score:  0
step time: 0.5434394909989351
Score:  0
step time: 0.4943789339995419

Score:  0
step time: 0.47683550999863655
Score:  0
step time: 0.4811895450002339
Score:  0
step time: 0.5055491599996458
Score:  0
step time: 0.4905499760006933
Score:  0
step time: 0.527556614999412
Score:  0
step time: 0.4924184800001967
Score:  0
step time: 0.5002145600010408
Score:  0
step time: 0.5063562069990439
Score:  0
step time: 0.510271142999045
Score:  0
step time: 0.4931046260007861
Score:  0
step time: 0.4977387729995826
Score:  0
step time: 0.49790650500108313
Score:  0
step time: 0.5058010940010718
Score:  0
step time: 0.4878711259989359
Score:  0
step time: 0.48492499599888106
Score:  0
step time: 0.48234344299999066
Score:  0
step time: 0.4716909750004561
Score:  0
step time: 0.4932272070000181
Score:  0
step time: 0.543305571000019
Score:  0
step time: 0.5217279479984427
Score:  0
step time: 0.5596622299999581
Score:  0
step time: 0.4902988199992251
Score:  0
step time: 0.4877401590001682
Score:  0
step time: 0.45150252299936255
Score:  0
step time: 0.4653033989998221
Score:  0
step time: 0.44608599899947876
Score:  0
step time: 0.43879562400070427
Score:  0
step time: 0.4736723299993173
Score:  0
step time: 0.442374968999502
Score:  0
step time: 0.4634671919993707
Score:  0
step time: 0.44347712300077546
Score:  0
step time: 0.47205058299914526
Score:  0
step time: 0.5181887429989729
Score:  0
step time: 0.5685676369994326
Score:  0
step time: 0.6622120280007948
Score:  0
step time: 0.8497037289998843
Score:  0
step time: 0.8060945060005906
Score:  0
step time: 0.793523467000341
Score:  0
step time: 0.6883287870005006
Score:  0
step time: 0.6854367159994581
Score:  0
step time: 0.911628372999985
Score:  0
step time: 0.738911348998954
Score:  0
step time: 0.7024015139995754

Score:  0
step time: 0.7097370640003646
Score:  0
step time: 0.7038049190014135
Score:  0
step time: 0.6873164549997455
Score:  0
step time: 0.628810643000179
Score:  0
step time: 0.6731051040005696
loss: 0.0027663446962833405
Score:  0
step time: 0.6782654220005497
loss: 0.021124156191945076
Score:  0
step time: 0.6991151880010875
loss: 0.01694577746093273
Traceback (most recent call last):
  File "/home/alexzuzow/Desktop/agar_multiagent/train_DQN.py", line 136, in <module>
    next_state,score,failed,restart,done = agar1.step(action,timestep,episode)
  File "/home/alexzuzow/Desktop/agar_multiagent/agar.py", line 151, in step
    obs_2 = self.get_screenshot("f2.png")
  File "/home/alexzuzow/Desktop/agar_multiagent/agar.py", line 105, in get_screenshot
    img = self.driver.get_screenshot_as_png()
  File "/home/alexzuzow/anaconda3/envs/myenv/lib/python3.9/site-packages/selenium/webdriver/remote/webdriver.py", line 1353, in get_screenshot_as_png
    return b64decode(self.get_screenshot_as_base64().encode('ascii'))
  File "/home/alexzuzow/anaconda3/envs/myenv/lib/python3.9/site-packages/selenium/webdriver/remote/webdriver.py", line 1365, in get_screenshot_as_base64
    return self.execute(Command.SCREENSHOT)['value']
  File "/home/alexzuzow/anaconda3/envs/myenv/lib/python3.9/site-packages/selenium/webdriver/remote/webdriver.py", line 424, in execute
    self.error_handler.check_response(response)
  File "/home/alexzuzow/anaconda3/envs/myenv/lib/python3.9/site-packages/selenium/webdriver/remote/errorhandler.py", line 247, in check_response
    raise exception_class(message, screen, stacktrace)
selenium.common.exceptions.WebDriverException: Message: chrome not reachable
  (Session info: chrome=99.0.4844.74)
Stacktrace:
#0 0x55a129a8f7d3 <unknown>
#1 0x55a1297eb51f <unknown>
#2 0x55a1297d9954 <unknown>
#3 0x55a1297da369 <unknown>
#4 0x55a1297dc132 <unknown>
#5 0x55a1297d4486 <unknown>
#6 0x55a1297eca82 <unknown>
#7 0x55a129852118 <unknown>
#8 0x55a12983f5a3 <unknown>
#9 0x55a129814ddc <unknown>
#10 0x55a129815de5 <unknown>
#11 0x55a129ac049d <unknown>
#12 0x55a129ad960c <unknown>
#13 0x55a129ac2205 <unknown>
#14 0x55a129ad9ee5 <unknown>
#15 0x55a129ab6070 <unknown>
#16 0x55a129af5488 <unknown>
#17 0x55a129af560c <unknown>
#18 0x55a129b0ec6d <unknown>
#19 0x7f98c5fce609 <unknown>